Using pre-set license
Built from '2022.3/release' branch; Version is '2022.3.18f1 (d29bea25151d) revision 13802474'; Using compiler version '192829333'; Build Type 'Release'
OS: 'Windows 11  (10.0.22631) 64bit Professional' Language: 'it' Physical Memory: 16313 MB
BatchMode: 1, IsHumanControllingUs: 0, StartBugReporterOnCrash: 0, Is64bit: 1, IsPro: 1

COMMAND LINE ARGUMENTS:
C:\Program Files\Unity\Hub\Editor\2022.3.18f1\Editor\Unity.exe
-adb2
-batchMode
-noUpm
-name
AssetImportWorker0
-projectPath
C:/Users/proti/Desktop/Mobile Computing Merge/MobileMerge
-logFile
Logs/AssetImportWorker0.log
-srvPort
58509
Successfully changed project path to: C:/Users/proti/Desktop/Mobile Computing Merge/MobileMerge
C:/Users/proti/Desktop/Mobile Computing Merge/MobileMerge
[UnityMemory] Configuration Parameters - Can be set up in boot.config
    "memorysetup-bucket-allocator-granularity=16"
    "memorysetup-bucket-allocator-bucket-count=8"
    "memorysetup-bucket-allocator-block-size=33554432"
    "memorysetup-bucket-allocator-block-count=8"
    "memorysetup-main-allocator-block-size=16777216"
    "memorysetup-thread-allocator-block-size=16777216"
    "memorysetup-gfx-main-allocator-block-size=16777216"
    "memorysetup-gfx-thread-allocator-block-size=16777216"
    "memorysetup-cache-allocator-block-size=4194304"
    "memorysetup-typetree-allocator-block-size=2097152"
    "memorysetup-profiler-bucket-allocator-granularity=16"
    "memorysetup-profiler-bucket-allocator-bucket-count=8"
    "memorysetup-profiler-bucket-allocator-block-size=33554432"
    "memorysetup-profiler-bucket-allocator-block-count=8"
    "memorysetup-profiler-allocator-block-size=16777216"
    "memorysetup-profiler-editor-allocator-block-size=1048576"
    "memorysetup-temp-allocator-size-main=16777216"
    "memorysetup-job-temp-allocator-block-size=2097152"
    "memorysetup-job-temp-allocator-block-size-background=1048576"
    "memorysetup-job-temp-allocator-reduction-small-platforms=262144"
    "memorysetup-allocator-temp-initial-block-size-main=262144"
    "memorysetup-allocator-temp-initial-block-size-worker=262144"
    "memorysetup-temp-allocator-size-background-worker=32768"
    "memorysetup-temp-allocator-size-job-worker=262144"
    "memorysetup-temp-allocator-size-preload-manager=33554432"
    "memorysetup-temp-allocator-size-nav-mesh-worker=65536"
    "memorysetup-temp-allocator-size-audio-worker=65536"
    "memorysetup-temp-allocator-size-cloud-worker=32768"
    "memorysetup-temp-allocator-size-gi-baking-worker=262144"
    "memorysetup-temp-allocator-size-gfx=262144"
Player connection [32092] Host "[IP] 192.168.178.117 [Port] 0 [Flags] 2 [Guid] 594640240 [EditorId] 594640240 [Version] 1048832 [Id] WindowsEditor(7,DESKTOP-TCB8793) [Debug] 1 [PackageName] WindowsEditor [ProjectName] Editor" joined multi-casting on [225.0.0.222:54997]...

Player connection [32092] Host "[IP] 192.168.178.117 [Port] 0 [Flags] 2 [Guid] 594640240 [EditorId] 594640240 [Version] 1048832 [Id] WindowsEditor(7,DESKTOP-TCB8793) [Debug] 1 [PackageName] WindowsEditor [ProjectName] Editor" joined alternative multi-casting on [225.0.0.222:34997]...

[Physics::Module] Initialized MultithreadedJobDispatcher with 7 workers.
Refreshing native plugins compatible for Editor in 19.31 ms, found 3 plugins.
Preloading 0 native plugins for Editor in 0.00 ms.
Initialize engine version: 2022.3.18f1 (d29bea25151d)
[Subsystems] Discovering subsystems at path C:/Program Files/Unity/Hub/Editor/2022.3.18f1/Editor/Data/Resources/UnitySubsystems
[Subsystems] Discovering subsystems at path C:/Users/proti/Desktop/Mobile Computing Merge/MobileMerge/Assets
GfxDevice: creating device client; threaded=0; jobified=0
Direct3D:
    Version:  Direct3D 11.0 [level 11.1]
    Renderer: NVIDIA GeForce GTX 1050 Ti (ID=0x1c82)
    Vendor:   NVIDIA
    VRAM:     4018 MB
    Driver:   30.0.14.9649
Initialize mono
Mono path[0] = 'C:/Program Files/Unity/Hub/Editor/2022.3.18f1/Editor/Data/Managed'
Mono path[1] = 'C:/Program Files/Unity/Hub/Editor/2022.3.18f1/Editor/Data/MonoBleedingEdge/lib/mono/unityjit-win32'
Mono config path = 'C:/Program Files/Unity/Hub/Editor/2022.3.18f1/Editor/Data/MonoBleedingEdge/etc'
Using monoOptions --debugger-agent=transport=dt_socket,embedding=1,server=y,suspend=n,address=127.0.0.1:56188
Begin MonoManager ReloadAssembly
Registering precompiled unity dll's ...
Register platform support module: C:/Program Files/Unity/Hub/Editor/2022.3.18f1/Editor/Data/PlaybackEngines/AndroidPlayer/UnityEditor.Android.Extensions.dll
Register platform support module: C:/Program Files/Unity/Hub/Editor/2022.3.18f1/Editor/Data/PlaybackEngines/iOSSupport/UnityEditor.iOS.Extensions.dll
Register platform support module: C:/Program Files/Unity/Hub/Editor/2022.3.18f1/Editor/Data/PlaybackEngines/WindowsStandaloneSupport/UnityEditor.WindowsStandalone.Extensions.dll
Registered in 0.009768 seconds.
- Loaded All Assemblies, in  0.490 seconds
Native extension for WindowsStandalone target not found
[usbmuxd] Start listen thread
[usbmuxd] Listen thread started
[usbmuxd] Send listen message
Native extension for iOS target not found
Native extension for Android target not found
Android Extension - Scanning For ADB Devices 265 ms
Mono: successfully reloaded assembly
- Finished resetting the current domain, in  0.628 seconds
Domain Reload Profiling: 1116ms
	BeginReloadAssembly (153ms)
		ExecutionOrderSort (0ms)
		DisableScriptedObjects (0ms)
		BackupInstance (0ms)
		ReleaseScriptingObjects (0ms)
		CreateAndSetChildDomain (1ms)
	RebuildCommonClasses (40ms)
	RebuildNativeTypeToScriptingClass (13ms)
	initialDomainReloadingComplete (61ms)
	LoadAllAssembliesAndSetupDomain (221ms)
		LoadAssemblies (153ms)
		RebuildTransferFunctionScriptingTraits (0ms)
		AnalyzeDomain (216ms)
			TypeCache.Refresh (215ms)
				TypeCache.ScanAssembly (194ms)
			ScanForSourceGeneratedMonoScriptInfo (0ms)
			ResolveRequiredComponents (0ms)
	FinalizeReload (629ms)
		ReleaseScriptCaches (0ms)
		RebuildScriptCaches (0ms)
		SetupLoadedEditorAssemblies (569ms)
			LogAssemblyErrors (0ms)
			InitializePlatformSupportModulesInManaged (388ms)
			SetLoadedEditorAssemblies (3ms)
			RefreshPlugins (0ms)
			BeforeProcessingInitializeOnLoad (2ms)
			ProcessInitializeOnLoadAttributes (126ms)
			ProcessInitializeOnLoadMethodAttributes (50ms)
			AfterProcessingInitializeOnLoad (0ms)
			EditorAssembliesLoaded (0ms)
		ExecutionOrderSort2 (0ms)
		AwakeInstancesAfterBackupRestoration (0ms)
========================================================================
Worker process is ready to serve import requests
Begin MonoManager ReloadAssembly
Symbol file LoadedFromMemory is not a mono symbol file
- Loaded All Assemblies, in  0.907 seconds
Refreshing native plugins compatible for Editor in 9.26 ms, found 3 plugins.
Native extension for WindowsStandalone target not found
Native extension for iOS target not found
Native extension for Android target not found
Package Manager log level set to [2]
[Package Manager] Server::EnsureServerProcessIsRunning -- launch failed, reason: Unity was launched with the -noUpm command-line argument
[Package Manager] UpmClient::Send -- Unable to send message (not connected to UPM process).
[Package Manager] Cannot connect to Unity Package Manager local server
Mono: successfully reloaded assembly
[Package Manager] Server::EnsureServerProcessIsRunning -- launch failed, reason: Unity was launched with the -noUpm command-line argument
[Package Manager] UpmClient::Send -- Unable to send message (not connected to UPM process).
[Package Manager] Cannot connect to Unity Package Manager local server
[Package Manager] Server::EnsureServerProcessIsRunning -- launch failed, reason: Unity was launched with the -noUpm command-line argument
[Package Manager] UpmClient::Send -- Unable to send message (not connected to UPM process).
[Package Manager] Cannot connect to Unity Package Manager local server
- Finished resetting the current domain, in  0.790 seconds
Domain Reload Profiling: 1694ms
	BeginReloadAssembly (157ms)
		ExecutionOrderSort (0ms)
		DisableScriptedObjects (5ms)
		BackupInstance (0ms)
		ReleaseScriptingObjects (0ms)
		CreateAndSetChildDomain (23ms)
	RebuildCommonClasses (35ms)
	RebuildNativeTypeToScriptingClass (11ms)
	initialDomainReloadingComplete (42ms)
	LoadAllAssembliesAndSetupDomain (659ms)
		LoadAssemblies (536ms)
		RebuildTransferFunctionScriptingTraits (0ms)
		AnalyzeDomain (209ms)
			TypeCache.Refresh (167ms)
				TypeCache.ScanAssembly (147ms)
			ScanForSourceGeneratedMonoScriptInfo (21ms)
			ResolveRequiredComponents (20ms)
	FinalizeReload (791ms)
		ReleaseScriptCaches (0ms)
		RebuildScriptCaches (0ms)
		SetupLoadedEditorAssemblies (634ms)
			LogAssemblyErrors (0ms)
			InitializePlatformSupportModulesInManaged (29ms)
			SetLoadedEditorAssemblies (3ms)
			RefreshPlugins (0ms)
			BeforeProcessingInitializeOnLoad (67ms)
			ProcessInitializeOnLoadAttributes (502ms)
			ProcessInitializeOnLoadMethodAttributes (26ms)
			AfterProcessingInitializeOnLoad (6ms)
			EditorAssembliesLoaded (0ms)
		ExecutionOrderSort2 (0ms)
		AwakeInstancesAfterBackupRestoration (5ms)
Launched and connected shader compiler UnityShaderCompiler.exe after 0.04 seconds
Refreshing native plugins compatible for Editor in 8.39 ms, found 3 plugins.
Preloading 0 native plugins for Editor in 0.00 ms.
Unloading 4489 Unused Serialized files (Serialized files now loaded: 0)
Unloading 68 unused Assets / (74.0 KB). Loaded Objects now: 4958.
Memory consumption went from 173.2 MB to 173.1 MB.
Total: 3.160700 ms (FindLiveObjects: 0.314400 ms CreateObjectMapping: 0.240300 ms MarkObjects: 2.488100 ms  DeleteObjects: 0.117200 ms)

AssetImportParameters requested are different than current active one (requested -> active):
  custom:container-demuxer-ogg: 62fdf1f143b41e24485cea50d1cbac27 -> 
  custom:video-decoder-ogg-theora: a1e56fd34408186e4bbccfd4996cb3dc -> 
  custom:framework-win-MediaFoundation: 216162199b28c13a410421893ffa2e32 -> 
  custom:CustomObjectIndexerAttribute: 6d391050e5a25f67b0a2c618074f2cd9 -> 
  custom:container-demuxer-webm: 4f35f7cbe854078d1ac9338744f61a02 -> 
  custom:container-muxer-webm: aa71ff27fc2769a1b78a27578f13a17b -> 
  custom:video-decoder-webm-vp8: 9c59270c3fd7afecdb556c50c9e8de78 -> 
  custom:SearchIndexIgnoredProperties: e643bd26f0fe6173181afceb89e7c659 -> 
  custom:AudioImporter_EditorPlatform: d09bf68614088b80899f8185d706f6e7 -> 
  custom:video-encoder-webm-vp8: eb34c28f22e8b96e1ab97ce403110664 -> 
  custom:audio-decoder-ogg-vorbis: bf7c407c2cedff20999df2af8eb42d56 -> 
  custom:audio-encoder-webm-vorbis: bf7c407c2cedff20999df2af8eb42d56 -> 
========================================================================
Received Import Request.
  Time since last request: 32589.072576 seconds.
  path: Assets/ECCAssets/Sounds
  artifactKey: Guid(724ade25d43b79f40a8ef575147a7f64) Importer(815301076,1909f56bfc062723c751e8b465ee728b)
Start importing Assets/ECCAssets/Sounds using Guid(724ade25d43b79f40a8ef575147a7f64) Importer(815301076,1909f56bfc062723c751e8b465ee728b)  -> (artifact id: 'b8785b1041dcfe55b20bbed1199558d7') in 0.002306 seconds
Number of updated asset objects reloaded before import = 0
Number of asset objects unloaded after import = 0
========================================================================
Received Import Request.
  Time since last request: 0.071139 seconds.
  path: Assets/ECCAssets/Sounds/breakcore mix.wav
  artifactKey: Guid(a7f057abcc31d5441bad9386563eb47f) Importer(815301076,1909f56bfc062723c751e8b465ee728b)
Start importing Assets/ECCAssets/Sounds/breakcore mix.wav using Guid(a7f057abcc31d5441bad9386563eb47f) Importer(815301076,1909f56bfc062723c751e8b465ee728b)  -> (artifact id: '03f1cf925874b16208520647c0c0a383') in 0.378666 seconds
Number of updated asset objects reloaded before import = 0
Number of asset objects unloaded after import = 2
========================================================================
Received Import Request.
  Time since last request: 7.637566 seconds.
  path: Assets/ECCAssets/Scripts
  artifactKey: Guid(257ebe8e77d25964997975d1363b692a) Importer(815301076,1909f56bfc062723c751e8b465ee728b)
Start importing Assets/ECCAssets/Scripts using Guid(257ebe8e77d25964997975d1363b692a) Importer(815301076,1909f56bfc062723c751e8b465ee728b)  -> (artifact id: 'c61906a5675773a34824b0888967e748') in 0.000412 seconds
Number of updated asset objects reloaded before import = 0
Number of asset objects unloaded after import = 0
========================================================================
Received Import Request.
  Time since last request: 0.992522 seconds.
  path: Assets/ECCAssets/Scripts/Types
  artifactKey: Guid(a360af4dee4cf2344b73ea676a4e3712) Importer(815301076,1909f56bfc062723c751e8b465ee728b)
Start importing Assets/ECCAssets/Scripts/Types using Guid(a360af4dee4cf2344b73ea676a4e3712) Importer(815301076,1909f56bfc062723c751e8b465ee728b)  -> (artifact id: 'c0933a459a2236fbf5272a270241248f') in 0.000418 seconds
Number of updated asset objects reloaded before import = 0
Number of asset objects unloaded after import = 0
========================================================================
Received Prepare
Begin MonoManager ReloadAssembly
Symbol file LoadedFromMemory is not a mono symbol file
- Loaded All Assemblies, in  0.433 seconds
Refreshing native plugins compatible for Editor in 8.67 ms, found 3 plugins.
Native extension for WindowsStandalone target not found
Native extension for iOS target not found
Native extension for Android target not found
[Package Manager] Server::EnsureServerProcessIsRunning -- launch failed, reason: Unity was launched with the -noUpm command-line argument
[Package Manager] UpmClient::Send -- Unable to send message (not connected to UPM process).
[Package Manager] Cannot connect to Unity Package Manager local server
Mono: successfully reloaded assembly
[Package Manager] Server::EnsureServerProcessIsRunning -- launch failed, reason: Unity was launched with the -noUpm command-line argument
[Package Manager] UpmClient::Send -- Unable to send message (not connected to UPM process).
[Package Manager] Cannot connect to Unity Package Manager local server
- Finished resetting the current domain, in  1.226 seconds
Domain Reload Profiling: 1656ms
	BeginReloadAssembly (150ms)
		ExecutionOrderSort (0ms)
		DisableScriptedObjects (5ms)
		BackupInstance (0ms)
		ReleaseScriptingObjects (0ms)
		CreateAndSetChildDomain (39ms)
	RebuildCommonClasses (31ms)
	RebuildNativeTypeToScriptingClass (11ms)
	initialDomainReloadingComplete (27ms)
	LoadAllAssembliesAndSetupDomain (211ms)
		LoadAssemblies (257ms)
		RebuildTransferFunctionScriptingTraits (0ms)
		AnalyzeDomain (27ms)
			TypeCache.Refresh (9ms)
				TypeCache.ScanAssembly (1ms)
			ScanForSourceGeneratedMonoScriptInfo (11ms)
			ResolveRequiredComponents (6ms)
	FinalizeReload (1227ms)
		ReleaseScriptCaches (0ms)
		RebuildScriptCaches (0ms)
		SetupLoadedEditorAssemblies (581ms)
			LogAssemblyErrors (0ms)
			InitializePlatformSupportModulesInManaged (28ms)
			SetLoadedEditorAssemblies (3ms)
			RefreshPlugins (0ms)
			BeforeProcessingInitializeOnLoad (69ms)
			ProcessInitializeOnLoadAttributes (445ms)
			ProcessInitializeOnLoadMethodAttributes (28ms)
			AfterProcessingInitializeOnLoad (7ms)
			EditorAssembliesLoaded (0ms)
		ExecutionOrderSort2 (0ms)
		AwakeInstancesAfterBackupRestoration (11ms)
Refreshing native plugins compatible for Editor in 10.63 ms, found 3 plugins.
Preloading 0 native plugins for Editor in 0.00 ms.
Unloading 4440 Unused Serialized files (Serialized files now loaded: 0)
Unloading 57 unused Assets / (47.7 KB). Loaded Objects now: 4974.
Memory consumption went from 168.5 MB to 168.4 MB.
Total: 3.007700 ms (FindLiveObjects: 0.316300 ms CreateObjectMapping: 0.272000 ms MarkObjects: 2.340600 ms  DeleteObjects: 0.077700 ms)

Prepare: number of updated asset objects reloaded= 0
AssetImportParameters requested are different than current active one (requested -> active):
  custom:container-demuxer-ogg: 62fdf1f143b41e24485cea50d1cbac27 -> 
  custom:video-decoder-ogg-theora: a1e56fd34408186e4bbccfd4996cb3dc -> 
  custom:framework-win-MediaFoundation: 216162199b28c13a410421893ffa2e32 -> 
  custom:CustomObjectIndexerAttribute: 6d391050e5a25f67b0a2c618074f2cd9 -> 
  custom:container-demuxer-webm: 4f35f7cbe854078d1ac9338744f61a02 -> 
  custom:container-muxer-webm: aa71ff27fc2769a1b78a27578f13a17b -> 
  custom:video-decoder-webm-vp8: 9c59270c3fd7afecdb556c50c9e8de78 -> 
  custom:SearchIndexIgnoredProperties: e643bd26f0fe6173181afceb89e7c659 -> 
  custom:AudioImporter_EditorPlatform: d09bf68614088b80899f8185d706f6e7 -> 
  custom:video-encoder-webm-vp8: eb34c28f22e8b96e1ab97ce403110664 -> 
  custom:audio-decoder-ogg-vorbis: bf7c407c2cedff20999df2af8eb42d56 -> 
  custom:audio-encoder-webm-vorbis: bf7c407c2cedff20999df2af8eb42d56 -> 
========================================================================
Received Import Request.
  Time since last request: 11.348296 seconds.
  path: Assets/ECCAssets/Materials/Skid.mat
  artifactKey: Guid(b92cb8e9e3b5de442b3ea1f51dfb5442) Importer(815301076,1909f56bfc062723c751e8b465ee728b)
Start importing Assets/ECCAssets/Materials/Skid.mat using Guid(b92cb8e9e3b5de442b3ea1f51dfb5442) Importer(815301076,1909f56bfc062723c751e8b465ee728b)  -> (artifact id: '8e36ec955892fd538c00b6fdc0a481a5') in 0.060322 seconds
Number of updated asset objects reloaded before import = 0
Number of asset objects unloaded after import = 1
========================================================================
Received Import Request.
  Time since last request: 0.000031 seconds.
  path: Assets/ECCAssets/Materials/CarWhite.mat
  artifactKey: Guid(351fa53eb76ebc5469ca5d0a876ccec3) Importer(815301076,1909f56bfc062723c751e8b465ee728b)
Start importing Assets/ECCAssets/Materials/CarWhite.mat using Guid(351fa53eb76ebc5469ca5d0a876ccec3) Importer(815301076,1909f56bfc062723c751e8b465ee728b)  -> (artifact id: 'fbd1bbb0762ed1d81c4e9d071bd77a3f') in 0.024831 seconds
Number of updated asset objects reloaded before import = 0
Number of asset objects unloaded after import = 1
========================================================================
Received Import Request.
  Time since last request: 0.000017 seconds.
  path: Assets/ECCAssets/Materials/CarLights.mat
  artifactKey: Guid(6434f4fd821d57c4d8eedef728d89dd2) Importer(815301076,1909f56bfc062723c751e8b465ee728b)
Start importing Assets/ECCAssets/Materials/CarLights.mat using Guid(6434f4fd821d57c4d8eedef728d89dd2) Importer(815301076,1909f56bfc062723c751e8b465ee728b)  -> (artifact id: 'e4d83474b966be0da37e2be245d0b04d') in 0.011769 seconds
Number of updated asset objects reloaded before import = 0
Number of asset objects unloaded after import = 1
========================================================================
Received Import Request.
  Time since last request: 0.000014 seconds.
  path: Assets/ECCAssets/Materials/Floor.mat
  artifactKey: Guid(5e26ba6f1ff07c64fa8e2801f98fb1d4) Importer(815301076,1909f56bfc062723c751e8b465ee728b)
Start importing Assets/ECCAssets/Materials/Floor.mat using Guid(5e26ba6f1ff07c64fa8e2801f98fb1d4) Importer(815301076,1909f56bfc062723c751e8b465ee728b)  -> (artifact id: '619fcfcd89427c3ad054031d32defd56') in 0.012222 seconds
Number of updated asset objects reloaded before import = 0
Number of asset objects unloaded after import = 1
========================================================================
Received Import Request.
  Time since last request: 0.000014 seconds.
  path: Assets/ECCAssets/Materials/Floor2.mat
  artifactKey: Guid(947921e9670a29345bcc10aa6333eaf7) Importer(815301076,1909f56bfc062723c751e8b465ee728b)
Start importing Assets/ECCAssets/Materials/Floor2.mat using Guid(947921e9670a29345bcc10aa6333eaf7) Importer(815301076,1909f56bfc062723c751e8b465ee728b)  -> (artifact id: 'a71e4d24fa5768d2d09e0ff200c3b313') in 0.010814 seconds
Number of updated asset objects reloaded before import = 0
Number of asset objects unloaded after import = 1
========================================================================
Received Import Request.
  Time since last request: 0.000015 seconds.
  path: Assets/ECCAssets/Materials/CarGold.mat
  artifactKey: Guid(0b2d97e3743b35e46ab3bd844fc74adf) Importer(815301076,1909f56bfc062723c751e8b465ee728b)
Start importing Assets/ECCAssets/Materials/CarGold.mat using Guid(0b2d97e3743b35e46ab3bd844fc74adf) Importer(815301076,1909f56bfc062723c751e8b465ee728b)  -> (artifact id: '0a5e7c3f593df31769c135de1b48bb32') in 0.011267 seconds
Number of updated asset objects reloaded before import = 0
Number of asset objects unloaded after import = 1
========================================================================
Received Import Request.
  Time since last request: 0.000013 seconds.
  path: Assets/ECCAssets/Materials/CarLightsRed.mat
  artifactKey: Guid(6f079cb94111b364aa92f71e83ba4edd) Importer(815301076,1909f56bfc062723c751e8b465ee728b)
Start importing Assets/ECCAssets/Materials/CarLightsRed.mat using Guid(6f079cb94111b364aa92f71e83ba4edd) Importer(815301076,1909f56bfc062723c751e8b465ee728b)  -> (artifact id: '2500d09f0e327a3ee3ac7fac519b2f03') in 0.014072 seconds
Number of updated asset objects reloaded before import = 0
Number of asset objects unloaded after import = 1
========================================================================
Received Import Request.
  Time since last request: 0.000012 seconds.
  path: Assets/ECCAssets/Materials/TowerBrown.mat
  artifactKey: Guid(a1bd2c3d88c8e2248a487ed7eb80204e) Importer(815301076,1909f56bfc062723c751e8b465ee728b)
Start importing Assets/ECCAssets/Materials/TowerBrown.mat using Guid(a1bd2c3d88c8e2248a487ed7eb80204e) Importer(815301076,1909f56bfc062723c751e8b465ee728b)  -> (artifact id: 'e70f2905f7f5b30f6803250c7bc10ed9') in 0.013598 seconds
Number of updated asset objects reloaded before import = 0
Number of asset objects unloaded after import = 1
========================================================================
Received Import Request.
  Time since last request: 0.000014 seconds.
  path: Assets/ECCAssets/Materials/TowerGreen.mat
  artifactKey: Guid(98c65650129fd304ca2ba0623761b30b) Importer(815301076,1909f56bfc062723c751e8b465ee728b)
Start importing Assets/ECCAssets/Materials/TowerGreen.mat using Guid(98c65650129fd304ca2ba0623761b30b) Importer(815301076,1909f56bfc062723c751e8b465ee728b)  -> (artifact id: 'e4a097b1fdaaad0a0834d2c00abc6c37') in 0.012135 seconds
Number of updated asset objects reloaded before import = 0
Number of asset objects unloaded after import = 1
========================================================================
Received Import Request.
  Time since last request: 0.000015 seconds.
  path: Assets/ECCAssets/Materials/TowerSlice.mat
  artifactKey: Guid(3c851814fa41c844087ddf4c9737ff65) Importer(815301076,1909f56bfc062723c751e8b465ee728b)
Start importing Assets/ECCAssets/Materials/TowerSlice.mat using Guid(3c851814fa41c844087ddf4c9737ff65) Importer(815301076,1909f56bfc062723c751e8b465ee728b)  -> (artifact id: 'f2af0ade75bca416aa93997f6f28dd04') in 0.013479 seconds
Number of updated asset objects reloaded before import = 0
Number of asset objects unloaded after import = 1
========================================================================
Received Import Request.
  Time since last request: 0.000012 seconds.
  path: Assets/ECCAssets/Materials/Cash.mat
  artifactKey: Guid(b5876ccd76ee54d44946fa931c1a7fd4) Importer(815301076,1909f56bfc062723c751e8b465ee728b)
Start importing Assets/ECCAssets/Materials/Cash.mat using Guid(b5876ccd76ee54d44946fa931c1a7fd4) Importer(815301076,1909f56bfc062723c751e8b465ee728b)  -> (artifact id: 'd564a5b628c4ea81fb89a22c48f1f515') in 0.013439 seconds
Number of updated asset objects reloaded before import = 0
Number of asset objects unloaded after import = 1
========================================================================
Received Import Request.
  Time since last request: 0.000017 seconds.
  path: Assets/ECCAssets/Materials/ShinyMetal.mat
  artifactKey: Guid(f2c31f1a602a6a041a84beb6bd997f06) Importer(815301076,1909f56bfc062723c751e8b465ee728b)
Start importing Assets/ECCAssets/Materials/ShinyMetal.mat using Guid(f2c31f1a602a6a041a84beb6bd997f06) Importer(815301076,1909f56bfc062723c751e8b465ee728b)  -> (artifact id: 'aa942a13cab879c01f3fe0583ac4eab6') in 0.012670 seconds
Number of updated asset objects reloaded before import = 0
Number of asset objects unloaded after import = 1
========================================================================
Received Import Request.
  Time since last request: 0.000014 seconds.
  path: Assets/ECCAssets/Materials/CarBrown.mat
  artifactKey: Guid(ddbf5a141ab72d74b8ec0cba928192ae) Importer(815301076,1909f56bfc062723c751e8b465ee728b)
Start importing Assets/ECCAssets/Materials/CarBrown.mat using Guid(ddbf5a141ab72d74b8ec0cba928192ae) Importer(815301076,1909f56bfc062723c751e8b465ee728b)  -> (artifact id: 'e4c2b1d4b94c5a271df8ae7cfbad5d9e') in 0.017625 seconds
Number of updated asset objects reloaded before import = 0
Number of asset objects unloaded after import = 1
========================================================================
Received Import Request.
  Time since last request: 0.000012 seconds.
  path: Assets/ECCAssets/Materials
  artifactKey: Guid(c98920eccab41074fb1a1b8517cfa95b) Importer(815301076,1909f56bfc062723c751e8b465ee728b)
Start importing Assets/ECCAssets/Materials using Guid(c98920eccab41074fb1a1b8517cfa95b) Importer(815301076,1909f56bfc062723c751e8b465ee728b)  -> (artifact id: 'f0bb11ce06d98fafc45f9f19df6bf93e') in 0.000360 seconds
Number of updated asset objects reloaded before import = 0
Number of asset objects unloaded after import = 0
========================================================================
Received Import Request.
  Time since last request: 0.000038 seconds.
  path: Assets/ECCAssets/Materials/TowerGreyWindows.mat
  artifactKey: Guid(87e795fe199432c4da8b3fdd523c936a) Importer(815301076,1909f56bfc062723c751e8b465ee728b)
Start importing Assets/ECCAssets/Materials/TowerGreyWindows.mat using Guid(87e795fe199432c4da8b3fdd523c936a) Importer(815301076,1909f56bfc062723c751e8b465ee728b)  -> (artifact id: '3ccd4ecde5fd02b9270d49483ea81575') in 0.010785 seconds
Number of updated asset objects reloaded before import = 0
Number of asset objects unloaded after import = 1
========================================================================
Received Import Request.
  Time since last request: 0.000016 seconds.
  path: Assets/ECCAssets/Materials/Star.mat
  artifactKey: Guid(ae7e920d2c682cb4f909a7175c780ab6) Importer(815301076,1909f56bfc062723c751e8b465ee728b)
Start importing Assets/ECCAssets/Materials/Star.mat using Guid(ae7e920d2c682cb4f909a7175c780ab6) Importer(815301076,1909f56bfc062723c751e8b465ee728b)  -> (artifact id: '3754a158dd6140ffa233129e738c0cea') in 0.004756 seconds
Number of updated asset objects reloaded before import = 0
Number of asset objects unloaded after import = 1
========================================================================
Received Import Request.
  Time since last request: 0.000015 seconds.
  path: Assets/ECCAssets/Materials/CarMonster.mat
  artifactKey: Guid(c8cc0f2ac1d6989478f9ecb160217c4d) Importer(815301076,1909f56bfc062723c751e8b465ee728b)
Start importing Assets/ECCAssets/Materials/CarMonster.mat using Guid(c8cc0f2ac1d6989478f9ecb160217c4d) Importer(815301076,1909f56bfc062723c751e8b465ee728b)  -> (artifact id: 'b5bd627dad74724df71b25d12adec9ba') in 0.011515 seconds
Number of updated asset objects reloaded before import = 0
Number of asset objects unloaded after import = 1
========================================================================
Received Import Request.
  Time since last request: 0.000013 seconds.
  path: Assets/ECCAssets/Materials/TowerGreenWindows.mat
  artifactKey: Guid(e3a1c9776335d8c439d3587c31e5fc76) Importer(815301076,1909f56bfc062723c751e8b465ee728b)
Start importing Assets/ECCAssets/Materials/TowerGreenWindows.mat using Guid(e3a1c9776335d8c439d3587c31e5fc76) Importer(815301076,1909f56bfc062723c751e8b465ee728b)  -> (artifact id: '52b19e6e86ec4db619f19422be271212') in 0.010969 seconds
Number of updated asset objects reloaded before import = 0
Number of asset objects unloaded after import = 1
========================================================================
Received Import Request.
  Time since last request: 0.000015 seconds.
  path: Assets/ECCAssets/Materials/FloorCity.mat
  artifactKey: Guid(4c1c80559ad713d41b8e444e4a6b5c67) Importer(815301076,1909f56bfc062723c751e8b465ee728b)
Start importing Assets/ECCAssets/Materials/FloorCity.mat using Guid(4c1c80559ad713d41b8e444e4a6b5c67) Importer(815301076,1909f56bfc062723c751e8b465ee728b)  -> (artifact id: 'c00eca0f199c8b5ac29f0dd5f77ac8f3') in 0.011405 seconds
Number of updated asset objects reloaded before import = 0
Number of asset objects unloaded after import = 1
========================================================================
Received Import Request.
  Time since last request: 0.000019 seconds.
  path: Assets/ECCAssets/Materials/TowerGrey.mat
  artifactKey: Guid(2b259568532e5fd45a7614ce7f44c456) Importer(815301076,1909f56bfc062723c751e8b465ee728b)
Start importing Assets/ECCAssets/Materials/TowerGrey.mat using Guid(2b259568532e5fd45a7614ce7f44c456) Importer(815301076,1909f56bfc062723c751e8b465ee728b)  -> (artifact id: '4ce7ff28b89cba4617d63f62bed102f0') in 0.010641 seconds
Number of updated asset objects reloaded before import = 0
Number of asset objects unloaded after import = 1
========================================================================
Received Import Request.
  Time since last request: 0.000015 seconds.
  path: Assets/ECCAssets/Materials/ShinyPlastic.mat
  artifactKey: Guid(a03de5b46d9da4d41b3bcada2ce71d79) Importer(815301076,1909f56bfc062723c751e8b465ee728b)
Start importing Assets/ECCAssets/Materials/ShinyPlastic.mat using Guid(a03de5b46d9da4d41b3bcada2ce71d79) Importer(815301076,1909f56bfc062723c751e8b465ee728b)  -> (artifact id: '4fc655059bb297a367aa446e0a5af2d1') in 0.010725 seconds
Number of updated asset objects reloaded before import = 0
Number of asset objects unloaded after import = 1
========================================================================
Received Import Request.
  Time since last request: 6.003615 seconds.
  path: Assets/ECCAssets/Fonts
  artifactKey: Guid(b1c59e328c81db24399b8d87146bddcb) Importer(815301076,1909f56bfc062723c751e8b465ee728b)
Start importing Assets/ECCAssets/Fonts using Guid(b1c59e328c81db24399b8d87146bddcb) Importer(815301076,1909f56bfc062723c751e8b465ee728b)  -> (artifact id: '0e42e9b436be12aa4ec885cd4a749a81') in 0.000453 seconds
Number of updated asset objects reloaded before import = 0
Number of asset objects unloaded after import = 0
========================================================================
Received Import Request.
  Time since last request: 0.203209 seconds.
  path: Assets/ECCAssets/Fonts/Maniac.ttf
  artifactKey: Guid(73ca789af9110464cbe7b6633d6ba0db) Importer(815301076,1909f56bfc062723c751e8b465ee728b)
Start importing Assets/ECCAssets/Fonts/Maniac.ttf using Guid(73ca789af9110464cbe7b6633d6ba0db) Importer(815301076,1909f56bfc062723c751e8b465ee728b)  -> (artifact id: '9f5ffbb051713f0c01bab25086b0e6af') in 0.026074 seconds
Number of updated asset objects reloaded before import = 0
Number of asset objects unloaded after import = 4
========================================================================
Received Import Request.
  Time since last request: 11.652260 seconds.
  path: Assets/ECCAssets/FLA
  artifactKey: Guid(c98331c3c1e88834092d74417cf8fb33) Importer(815301076,1909f56bfc062723c751e8b465ee728b)
Start importing Assets/ECCAssets/FLA using Guid(c98331c3c1e88834092d74417cf8fb33) Importer(815301076,1909f56bfc062723c751e8b465ee728b)  -> (artifact id: '336a80e6f3acdd868a1e735b4bb8346e') in 0.000658 seconds
Number of updated asset objects reloaded before import = 0
Number of asset objects unloaded after import = 0
========================================================================
Received Import Request.
  Time since last request: 10.820035 seconds.
  path: Assets/ECCAssets/ECCDocumentation.pdf
  artifactKey: Guid(8b23e66c4853c2742b29391b865ecc48) Importer(815301076,1909f56bfc062723c751e8b465ee728b)
Start importing Assets/ECCAssets/ECCDocumentation.pdf using Guid(8b23e66c4853c2742b29391b865ecc48) Importer(815301076,1909f56bfc062723c751e8b465ee728b)  -> (artifact id: '2d7dc55d48b471792407892d0a79c8f4') in 0.000857 seconds
Number of updated asset objects reloaded before import = 0
Number of asset objects unloaded after import = 1
========================================================================
Received Import Request.
  Time since last request: 4.391960 seconds.
  path: Assets/ECCAssets/Models
  artifactKey: Guid(282387a7b06be88478f957d886c641df) Importer(815301076,1909f56bfc062723c751e8b465ee728b)
Start importing Assets/ECCAssets/Models using Guid(282387a7b06be88478f957d886c641df) Importer(815301076,1909f56bfc062723c751e8b465ee728b)  -> (artifact id: '1f1acf2982d9a93a77ece9c2466bc539') in 0.000448 seconds
Number of updated asset objects reloaded before import = 0
Number of asset objects unloaded after import = 0
========================================================================
Received Import Request.
  Time since last request: 0.093247 seconds.
  path: Assets/ECCAssets/Models/Bike.FBX
  artifactKey: Guid(703300ef0927e5b4b8ce8d2589671cef) Importer(815301076,1909f56bfc062723c751e8b465ee728b)
Start importing Assets/ECCAssets/Models/Bike.FBX using Guid(703300ef0927e5b4b8ce8d2589671cef) Importer(815301076,1909f56bfc062723c751e8b465ee728b)  -> (artifact id: 'a52fb36323f383684a5cf9b8638cd859') in 0.063517 seconds
Number of updated asset objects reloaded before import = 0
Number of asset objects unloaded after import = 29
========================================================================
Received Import Request.
  Time since last request: 0.000013 seconds.
  path: Assets/ECCAssets/Models/Tower01.FBX
  artifactKey: Guid(7c60c29d1539fa740a67967e03a7fac0) Importer(815301076,1909f56bfc062723c751e8b465ee728b)
Start importing Assets/ECCAssets/Models/Tower01.FBX using Guid(7c60c29d1539fa740a67967e03a7fac0) Importer(815301076,1909f56bfc062723c751e8b465ee728b)  -> (artifact id: '55ac4970f3113852e8924dd80a960ccd') in 0.056899 seconds
Number of updated asset objects reloaded before import = 0
Number of asset objects unloaded after import = 22
========================================================================
Received Import Request.
  Time since last request: 0.000013 seconds.
  path: Assets/ECCAssets/Models/Monster.FBX
  artifactKey: Guid(58cd5ca1f733c8342a17bb22ee1fe6b7) Importer(815301076,1909f56bfc062723c751e8b465ee728b)
Start importing Assets/ECCAssets/Models/Monster.FBX using Guid(58cd5ca1f733c8342a17bb22ee1fe6b7) Importer(815301076,1909f56bfc062723c751e8b465ee728b)  -> (artifact id: '3d933bcbba90716d40678bc7dd6f4b94') in 0.106990 seconds
Number of updated asset objects reloaded before import = 0
Number of asset objects unloaded after import = 66
========================================================================
Received Import Request.
  Time since last request: 0.000015 seconds.
  path: Assets/ECCAssets/Models/Pickup.FBX
  artifactKey: Guid(aa60179a9a1db8d4ba15b1fc6d99b82e) Importer(815301076,1909f56bfc062723c751e8b465ee728b)
Start importing Assets/ECCAssets/Models/Pickup.FBX using Guid(aa60179a9a1db8d4ba15b1fc6d99b82e) Importer(815301076,1909f56bfc062723c751e8b465ee728b)  -> (artifact id: '20b597b1370e52ffda68df0e7d3f3f5b') in 0.132547 seconds
Number of updated asset objects reloaded before import = 0
Number of asset objects unloaded after import = 83
========================================================================
Received Import Request.
  Time since last request: 0.000021 seconds.
  path: Assets/ECCAssets/Models/Tower03.FBX
  artifactKey: Guid(b027b96e90941a84baa0b391d2cf1abd) Importer(815301076,1909f56bfc062723c751e8b465ee728b)
Start importing Assets/ECCAssets/Models/Tower03.FBX using Guid(b027b96e90941a84baa0b391d2cf1abd) Importer(815301076,1909f56bfc062723c751e8b465ee728b)  -> (artifact id: '22e23299dda86e398ddbcca41a870ff2') in 0.033589 seconds
Number of updated asset objects reloaded before import = 0
Number of asset objects unloaded after import = 22
========================================================================
Received Import Request.
  Time since last request: 0.000015 seconds.
  path: Assets/ECCAssets/Models/Terrain.asset
  artifactKey: Guid(782d05cb1c5eb2940a07e8c25823472e) Importer(815301076,1909f56bfc062723c751e8b465ee728b)
Start importing Assets/ECCAssets/Models/Terrain.asset using Guid(782d05cb1c5eb2940a07e8c25823472e) Importer(815301076,1909f56bfc062723c751e8b465ee728b)  -> (artifact id: '24d4ea35ab6b024dda39d0c891d86e68') in 0.072571 seconds
Number of updated asset objects reloaded before import = 0
Number of asset objects unloaded after import = 3
========================================================================
Received Import Request.
  Time since last request: 0.000021 seconds.
  path: Assets/ECCAssets/Models/VanCop.FBX
  artifactKey: Guid(9009d2e44cc76ce4ab24ed87bf219551) Importer(815301076,1909f56bfc062723c751e8b465ee728b)
Start importing Assets/ECCAssets/Models/VanCop.FBX using Guid(9009d2e44cc76ce4ab24ed87bf219551) Importer(815301076,1909f56bfc062723c751e8b465ee728b)  -> (artifact id: '8e249f999f03d0d04c533efca2627aae') in 0.098969 seconds
Number of updated asset objects reloaded before import = 0
Number of asset objects unloaded after import = 83
========================================================================
Received Import Request.
  Time since last request: 0.000019 seconds.
  path: Assets/ECCAssets/Models/Rock02.FBX
  artifactKey: Guid(23540c9ec1e99cf40b092d5bbe405af1) Importer(815301076,1909f56bfc062723c751e8b465ee728b)
Start importing Assets/ECCAssets/Models/Rock02.FBX using Guid(23540c9ec1e99cf40b092d5bbe405af1) Importer(815301076,1909f56bfc062723c751e8b465ee728b)  -> (artifact id: '24e81c9400894863c8a9ccb5407891d4') in 0.013993 seconds
Number of updated asset objects reloaded before import = 0
Number of asset objects unloaded after import = 8
========================================================================
Received Import Request.
  Time since last request: 0.000021 seconds.
  path: Assets/ECCAssets/Models/RoadBlock.FBX
  artifactKey: Guid(bb976d38afaafa2459c8fa61682c95cf) Importer(815301076,1909f56bfc062723c751e8b465ee728b)
Start importing Assets/ECCAssets/Models/RoadBlock.FBX using Guid(bb976d38afaafa2459c8fa61682c95cf) Importer(815301076,1909f56bfc062723c751e8b465ee728b)  -> (artifact id: '05a659ae6feae6271fff70c291d08614') in 0.016879 seconds
Number of updated asset objects reloaded before import = 0
Number of asset objects unloaded after import = 8
========================================================================
Received Import Request.
  Time since last request: 11.793559 seconds.
  path: Assets/ECCAssets/Animations
  artifactKey: Guid(d22d5eb62661d6c4a81aff60f94b5354) Importer(815301076,1909f56bfc062723c751e8b465ee728b)
Start importing Assets/ECCAssets/Animations using Guid(d22d5eb62661d6c4a81aff60f94b5354) Importer(815301076,1909f56bfc062723c751e8b465ee728b)  -> (artifact id: 'c531e88b9a59e173e4bd0f0a7a45c4e3') in 0.000624 seconds
Number of updated asset objects reloaded before import = 0
Number of asset objects unloaded after import = 0
========================================================================
Received Import Request.
  Time since last request: 15.367726 seconds.
  path: Assets/ExternalPrefabs
  artifactKey: Guid(4164f161e3c17294094fbc326b0ad97c) Importer(815301076,1909f56bfc062723c751e8b465ee728b)
Start importing Assets/ExternalPrefabs using Guid(4164f161e3c17294094fbc326b0ad97c) Importer(815301076,1909f56bfc062723c751e8b465ee728b)  -> (artifact id: 'b239caf6461e7fc320a4d6b301c6e083') in 0.000397 seconds
Number of updated asset objects reloaded before import = 0
Number of asset objects unloaded after import = 0
========================================================================
Received Prepare
Begin MonoManager ReloadAssembly
Symbol file LoadedFromMemory is not a mono symbol file
- Loaded All Assemblies, in  0.403 seconds
Refreshing native plugins compatible for Editor in 9.17 ms, found 3 plugins.
Native extension for WindowsStandalone target not found
Native extension for iOS target not found
Native extension for Android target not found
[Package Manager] Server::EnsureServerProcessIsRunning -- launch failed, reason: Unity was launched with the -noUpm command-line argument
[Package Manager] UpmClient::Send -- Unable to send message (not connected to UPM process).
[Package Manager] Cannot connect to Unity Package Manager local server
Mono: successfully reloaded assembly
[Package Manager] Server::EnsureServerProcessIsRunning -- launch failed, reason: Unity was launched with the -noUpm command-line argument
[Package Manager] UpmClient::Send -- Unable to send message (not connected to UPM process).
[Package Manager] Cannot connect to Unity Package Manager local server
- Finished resetting the current domain, in  1.259 seconds
Domain Reload Profiling: 1659ms
	BeginReloadAssembly (142ms)
		ExecutionOrderSort (0ms)
		DisableScriptedObjects (4ms)
		BackupInstance (0ms)
		ReleaseScriptingObjects (0ms)
		CreateAndSetChildDomain (35ms)
	RebuildCommonClasses (30ms)
	RebuildNativeTypeToScriptingClass (10ms)
	initialDomainReloadingComplete (26ms)
	LoadAllAssembliesAndSetupDomain (191ms)
		LoadAssemblies (250ms)
		RebuildTransferFunctionScriptingTraits (0ms)
		AnalyzeDomain (13ms)
			TypeCache.Refresh (6ms)
				TypeCache.ScanAssembly (0ms)
			ScanForSourceGeneratedMonoScriptInfo (0ms)
			ResolveRequiredComponents (6ms)
	FinalizeReload (1260ms)
		ReleaseScriptCaches (0ms)
		RebuildScriptCaches (0ms)
		SetupLoadedEditorAssemblies (594ms)
			LogAssemblyErrors (0ms)
			InitializePlatformSupportModulesInManaged (29ms)
			SetLoadedEditorAssemblies (4ms)
			RefreshPlugins (0ms)
			BeforeProcessingInitializeOnLoad (66ms)
			ProcessInitializeOnLoadAttributes (457ms)
			ProcessInitializeOnLoadMethodAttributes (32ms)
			AfterProcessingInitializeOnLoad (7ms)
			EditorAssembliesLoaded (0ms)
		ExecutionOrderSort2 (0ms)
		AwakeInstancesAfterBackupRestoration (11ms)
Refreshing native plugins compatible for Editor in 9.18 ms, found 3 plugins.
Preloading 0 native plugins for Editor in 0.00 ms.
Unloading 4440 Unused Serialized files (Serialized files now loaded: 0)
Unloading 56 unused Assets / (47.1 KB). Loaded Objects now: 5023.
Memory consumption went from 171.0 MB to 170.9 MB.
Total: 3.008500 ms (FindLiveObjects: 0.345200 ms CreateObjectMapping: 0.274400 ms MarkObjects: 2.319800 ms  DeleteObjects: 0.068100 ms)

Prepare: number of updated asset objects reloaded= 0
AssetImportParameters requested are different than current active one (requested -> active):
  custom:container-demuxer-ogg: 62fdf1f143b41e24485cea50d1cbac27 -> 
  custom:video-decoder-ogg-theora: a1e56fd34408186e4bbccfd4996cb3dc -> 
  custom:framework-win-MediaFoundation: 216162199b28c13a410421893ffa2e32 -> 
  custom:CustomObjectIndexerAttribute: 6d391050e5a25f67b0a2c618074f2cd9 -> 
  custom:container-demuxer-webm: 4f35f7cbe854078d1ac9338744f61a02 -> 
  custom:container-muxer-webm: aa71ff27fc2769a1b78a27578f13a17b -> 
  custom:video-decoder-webm-vp8: 9c59270c3fd7afecdb556c50c9e8de78 -> 
  custom:SearchIndexIgnoredProperties: e643bd26f0fe6173181afceb89e7c659 -> 
  custom:AudioImporter_EditorPlatform: d09bf68614088b80899f8185d706f6e7 -> 
  custom:video-encoder-webm-vp8: eb34c28f22e8b96e1ab97ce403110664 -> 
  custom:audio-decoder-ogg-vorbis: bf7c407c2cedff20999df2af8eb42d56 -> 
  custom:audio-encoder-webm-vorbis: bf7c407c2cedff20999df2af8eb42d56 -> 
========================================================================
Received Import Request.
  Time since last request: 117.774309 seconds.
  path: Assets/ExternalPrefabs/Models
  artifactKey: Guid(6a9b5027d4cf81a4eb2763d8b2449db1) Importer(815301076,1909f56bfc062723c751e8b465ee728b)
Start importing Assets/ExternalPrefabs/Models using Guid(6a9b5027d4cf81a4eb2763d8b2449db1) Importer(815301076,1909f56bfc062723c751e8b465ee728b)  -> (artifact id: '10f7d303d3d67cda25d0ce64d01bb80e') in 0.003006 seconds
Number of updated asset objects reloaded before import = 0
Number of asset objects unloaded after import = 0
========================================================================
Received Prepare
Begin MonoManager ReloadAssembly
Symbol file LoadedFromMemory is not a mono symbol file
- Loaded All Assemblies, in  0.411 seconds
Refreshing native plugins compatible for Editor in 9.12 ms, found 3 plugins.
Native extension for WindowsStandalone target not found
Native extension for iOS target not found
Native extension for Android target not found
[Package Manager] Server::EnsureServerProcessIsRunning -- launch failed, reason: Unity was launched with the -noUpm command-line argument
[Package Manager] UpmClient::Send -- Unable to send message (not connected to UPM process).
[Package Manager] Cannot connect to Unity Package Manager local server
Mono: successfully reloaded assembly
[Package Manager] Server::EnsureServerProcessIsRunning -- launch failed, reason: Unity was launched with the -noUpm command-line argument
[Package Manager] UpmClient::Send -- Unable to send message (not connected to UPM process).
[Package Manager] Cannot connect to Unity Package Manager local server
- Finished resetting the current domain, in  1.152 seconds
Domain Reload Profiling: 1559ms
	BeginReloadAssembly (143ms)
		ExecutionOrderSort (0ms)
		DisableScriptedObjects (5ms)
		BackupInstance (0ms)
		ReleaseScriptingObjects (0ms)
		CreateAndSetChildDomain (35ms)
	RebuildCommonClasses (30ms)
	RebuildNativeTypeToScriptingClass (11ms)
	initialDomainReloadingComplete (27ms)
	LoadAllAssembliesAndSetupDomain (197ms)
		LoadAssemblies (255ms)
		RebuildTransferFunctionScriptingTraits (0ms)
		AnalyzeDomain (14ms)
			TypeCache.Refresh (6ms)
				TypeCache.ScanAssembly (0ms)
			ScanForSourceGeneratedMonoScriptInfo (0ms)
			ResolveRequiredComponents (7ms)
	FinalizeReload (1152ms)
		ReleaseScriptCaches (0ms)
		RebuildScriptCaches (0ms)
		SetupLoadedEditorAssemblies (568ms)
			LogAssemblyErrors (0ms)
			InitializePlatformSupportModulesInManaged (28ms)
			SetLoadedEditorAssemblies (3ms)
			RefreshPlugins (0ms)
			BeforeProcessingInitializeOnLoad (67ms)
			ProcessInitializeOnLoadAttributes (432ms)
			ProcessInitializeOnLoadMethodAttributes (31ms)
			AfterProcessingInitializeOnLoad (8ms)
			EditorAssembliesLoaded (0ms)
		ExecutionOrderSort2 (0ms)
		AwakeInstancesAfterBackupRestoration (13ms)
Refreshing native plugins compatible for Editor in 10.29 ms, found 3 plugins.
Preloading 0 native plugins for Editor in 0.00 ms.
Unloading 4440 Unused Serialized files (Serialized files now loaded: 0)
Unloading 56 unused Assets / (47.2 KB). Loaded Objects now: 5031.
Memory consumption went from 172.9 MB to 172.9 MB.
Total: 3.102100 ms (FindLiveObjects: 0.310400 ms CreateObjectMapping: 0.265900 ms MarkObjects: 2.448300 ms  DeleteObjects: 0.076700 ms)

Prepare: number of updated asset objects reloaded= 0
AssetImportParameters requested are different than current active one (requested -> active):
  custom:container-demuxer-ogg: 62fdf1f143b41e24485cea50d1cbac27 -> 
  custom:video-decoder-ogg-theora: a1e56fd34408186e4bbccfd4996cb3dc -> 
  custom:framework-win-MediaFoundation: 216162199b28c13a410421893ffa2e32 -> 
  custom:CustomObjectIndexerAttribute: 6d391050e5a25f67b0a2c618074f2cd9 -> 
  custom:container-demuxer-webm: 4f35f7cbe854078d1ac9338744f61a02 -> 
  custom:container-muxer-webm: aa71ff27fc2769a1b78a27578f13a17b -> 
  custom:video-decoder-webm-vp8: 9c59270c3fd7afecdb556c50c9e8de78 -> 
  custom:SearchIndexIgnoredProperties: e643bd26f0fe6173181afceb89e7c659 -> 
  custom:AudioImporter_EditorPlatform: d09bf68614088b80899f8185d706f6e7 -> 
  custom:video-encoder-webm-vp8: eb34c28f22e8b96e1ab97ce403110664 -> 
  custom:audio-decoder-ogg-vorbis: bf7c407c2cedff20999df2af8eb42d56 -> 
  custom:audio-encoder-webm-vorbis: bf7c407c2cedff20999df2af8eb42d56 -> 
========================================================================
Received Import Request.
  Time since last request: 10.282054 seconds.
  path: Assets/ExternalPrefabs/Models/Materials
  artifactKey: Guid(b8a25f984422d604683e4e56347ce313) Importer(815301076,1909f56bfc062723c751e8b465ee728b)
Start importing Assets/ExternalPrefabs/Models/Materials using Guid(b8a25f984422d604683e4e56347ce313) Importer(815301076,1909f56bfc062723c751e8b465ee728b)  -> (artifact id: 'efb1536b446b337b6dc244221347bd48') in 0.002605 seconds
Number of updated asset objects reloaded before import = 0
Number of asset objects unloaded after import = 0
========================================================================
Received Import Request.
  Time since last request: 0.055580 seconds.
  path: Assets/ExternalPrefabs/Models/Materials/Cash.mat
  artifactKey: Guid(f056e1af8d00ae04cb07da79e4965e44) Importer(815301076,1909f56bfc062723c751e8b465ee728b)
Start importing Assets/ExternalPrefabs/Models/Materials/Cash.mat using Guid(f056e1af8d00ae04cb07da79e4965e44) Importer(815301076,1909f56bfc062723c751e8b465ee728b)  -> (artifact id: '295ac401e4b3443823b2025d3e37d375') in 0.066746 seconds
Number of updated asset objects reloaded before import = 0
Number of asset objects unloaded after import = 1
========================================================================
Received Import Request.
  Time since last request: 0.000016 seconds.
  path: Assets/ExternalPrefabs/Models/Materials/Material #51.mat
  artifactKey: Guid(e5c5c202aac82ee43b4ab835cbee1563) Importer(815301076,1909f56bfc062723c751e8b465ee728b)
Start importing Assets/ExternalPrefabs/Models/Materials/Material #51.mat using Guid(e5c5c202aac82ee43b4ab835cbee1563) Importer(815301076,1909f56bfc062723c751e8b465ee728b)  -> (artifact id: '2e3c011b37fb501605ccecf4a30b087a') in 0.011131 seconds
Number of updated asset objects reloaded before import = 0
Number of asset objects unloaded after import = 1
========================================================================
Received Import Request.
  Time since last request: 0.000025 seconds.
  path: Assets/ExternalPrefabs/Models/Materials/Material #16.mat
  artifactKey: Guid(aa8918c3d4c2d294e8a3c9220ef5f2e3) Importer(815301076,1909f56bfc062723c751e8b465ee728b)
Start importing Assets/ExternalPrefabs/Models/Materials/Material #16.mat using Guid(aa8918c3d4c2d294e8a3c9220ef5f2e3) Importer(815301076,1909f56bfc062723c751e8b465ee728b)  -> (artifact id: '1a9099b483fcaaf43a9cb4675931cd68') in 0.010919 seconds
Number of updated asset objects reloaded before import = 0
Number of asset objects unloaded after import = 1
========================================================================
Received Import Request.
  Time since last request: 0.000013 seconds.
  path: Assets/ExternalPrefabs/Models/Materials/Material #37 Slot #1.mat
  artifactKey: Guid(54599ca6801506449a1fa1d9ccf1f0d8) Importer(815301076,1909f56bfc062723c751e8b465ee728b)
Start importing Assets/ExternalPrefabs/Models/Materials/Material #37 Slot #1.mat using Guid(54599ca6801506449a1fa1d9ccf1f0d8) Importer(815301076,1909f56bfc062723c751e8b465ee728b)  -> (artifact id: '97913f398d97a9b2267e8365acb2858d') in 0.015676 seconds
Number of updated asset objects reloaded before import = 0
Number of asset objects unloaded after import = 1
========================================================================
Received Import Request.
  Time since last request: 0.000015 seconds.
  path: Assets/ExternalPrefabs/Models/Materials/Material #12 Slot #1.mat
  artifactKey: Guid(7d814469117ac68479332f3c41420c31) Importer(815301076,1909f56bfc062723c751e8b465ee728b)
Start importing Assets/ExternalPrefabs/Models/Materials/Material #12 Slot #1.mat using Guid(7d814469117ac68479332f3c41420c31) Importer(815301076,1909f56bfc062723c751e8b465ee728b)  -> (artifact id: '3ea811a542f39337d99490f5939ed4c8') in 0.011876 seconds
Number of updated asset objects reloaded before import = 0
Number of asset objects unloaded after import = 1
========================================================================
Received Import Request.
  Time since last request: 0.000016 seconds.
  path: Assets/ExternalPrefabs/Models/Materials/Material #50.mat
  artifactKey: Guid(35f67bbdbe669da4d86c6533afd0ade3) Importer(815301076,1909f56bfc062723c751e8b465ee728b)
Start importing Assets/ExternalPrefabs/Models/Materials/Material #50.mat using Guid(35f67bbdbe669da4d86c6533afd0ade3) Importer(815301076,1909f56bfc062723c751e8b465ee728b)  -> (artifact id: '7a80503b29b74fb1824227d857cf18cb') in 0.011965 seconds
Number of updated asset objects reloaded before import = 0
Number of asset objects unloaded after import = 1
========================================================================
Received Import Request.
  Time since last request: 0.000032 seconds.
  path: Assets/ExternalPrefabs/Models/Materials/Material #37 Slot #8.mat
  artifactKey: Guid(cf7e895f6a151ac41968bcb563e30fa2) Importer(815301076,1909f56bfc062723c751e8b465ee728b)
Start importing Assets/ExternalPrefabs/Models/Materials/Material #37 Slot #8.mat using Guid(cf7e895f6a151ac41968bcb563e30fa2) Importer(815301076,1909f56bfc062723c751e8b465ee728b)  -> (artifact id: '637aaa615e975318ba9395e6633a4ce3') in 0.011524 seconds
Number of updated asset objects reloaded before import = 0
Number of asset objects unloaded after import = 1
========================================================================
Received Import Request.
  Time since last request: 0.000066 seconds.
  path: Assets/ExternalPrefabs/Models/Materials/Material #37 Slot #7.mat
  artifactKey: Guid(688e1462d33e9cc4cb95dfd8deafa320) Importer(815301076,1909f56bfc062723c751e8b465ee728b)
Start importing Assets/ExternalPrefabs/Models/Materials/Material #37 Slot #7.mat using Guid(688e1462d33e9cc4cb95dfd8deafa320) Importer(815301076,1909f56bfc062723c751e8b465ee728b)  -> (artifact id: '0fefd228728bba8b4ff0247d8f8349d2') in 0.011545 seconds
Number of updated asset objects reloaded before import = 0
Number of asset objects unloaded after import = 1
========================================================================
Received Import Request.
  Time since last request: 0.000014 seconds.
  path: Assets/ExternalPrefabs/Models/Materials/No Name.mat
  artifactKey: Guid(dd98520e69c60fc47985fe2ba1b3888a) Importer(815301076,1909f56bfc062723c751e8b465ee728b)
Start importing Assets/ExternalPrefabs/Models/Materials/No Name.mat using Guid(dd98520e69c60fc47985fe2ba1b3888a) Importer(815301076,1909f56bfc062723c751e8b465ee728b)  -> (artifact id: '587ef90f03141b29ed31fe4fc274451e') in 0.011051 seconds
Number of updated asset objects reloaded before import = 0
Number of asset objects unloaded after import = 1
========================================================================
Received Import Request.
  Time since last request: 0.000017 seconds.
  path: Assets/ExternalPrefabs/Models/Materials/Material #37 Slot #4.mat
  artifactKey: Guid(dd2c1aa34a102ee4fb10b4efeabe696f) Importer(815301076,1909f56bfc062723c751e8b465ee728b)
Start importing Assets/ExternalPrefabs/Models/Materials/Material #37 Slot #4.mat using Guid(dd2c1aa34a102ee4fb10b4efeabe696f) Importer(815301076,1909f56bfc062723c751e8b465ee728b)  -> (artifact id: '2319cb9b0a477bc1d4aee1da3d23ef42') in 0.011242 seconds
Number of updated asset objects reloaded before import = 0
Number of asset objects unloaded after import = 1
========================================================================
Received Import Request.
  Time since last request: 0.000013 seconds.
  path: Assets/ExternalPrefabs/Models/Materials/Material #39.mat
  artifactKey: Guid(0201a2805b0a82f4f80f353ed8d5bf81) Importer(815301076,1909f56bfc062723c751e8b465ee728b)
Start importing Assets/ExternalPrefabs/Models/Materials/Material #39.mat using Guid(0201a2805b0a82f4f80f353ed8d5bf81) Importer(815301076,1909f56bfc062723c751e8b465ee728b)  -> (artifact id: '68041c2cc2aea3e70d2fdf6066ffcfbf') in 0.011955 seconds
Number of updated asset objects reloaded before import = 0
Number of asset objects unloaded after import = 1
========================================================================
Received Import Request.
  Time since last request: 0.000013 seconds.
  path: Assets/ExternalPrefabs/Models/Materials/Material #37 Slot #3.mat
  artifactKey: Guid(22ee4f3d408ca5744ad54378ed3143eb) Importer(815301076,1909f56bfc062723c751e8b465ee728b)
Start importing Assets/ExternalPrefabs/Models/Materials/Material #37 Slot #3.mat using Guid(22ee4f3d408ca5744ad54378ed3143eb) Importer(815301076,1909f56bfc062723c751e8b465ee728b)  -> (artifact id: '21672afef36eb81106cbe4fac8a6ef9e') in 0.011579 seconds
Number of updated asset objects reloaded before import = 0
Number of asset objects unloaded after import = 1
========================================================================
Received Import Request.
  Time since last request: 0.000014 seconds.
  path: Assets/ExternalPrefabs/Models/Materials/PickupTruckReference.mat
  artifactKey: Guid(72cf8241631fd3743ad26ce12ae83875) Importer(815301076,1909f56bfc062723c751e8b465ee728b)
Start importing Assets/ExternalPrefabs/Models/Materials/PickupTruckReference.mat using Guid(72cf8241631fd3743ad26ce12ae83875) Importer(815301076,1909f56bfc062723c751e8b465ee728b)  -> (artifact id: '1a68a4d1aedad9f0b3ce06c236a00fec') in 0.014172 seconds
Number of updated asset objects reloaded before import = 0
Number of asset objects unloaded after import = 1
========================================================================
Received Prepare
Begin MonoManager ReloadAssembly
Symbol file LoadedFromMemory is not a mono symbol file
- Loaded All Assemblies, in  0.433 seconds
Refreshing native plugins compatible for Editor in 9.03 ms, found 3 plugins.
Native extension for WindowsStandalone target not found
Native extension for iOS target not found
Native extension for Android target not found
[Package Manager] Server::EnsureServerProcessIsRunning -- launch failed, reason: Unity was launched with the -noUpm command-line argument
[Package Manager] UpmClient::Send -- Unable to send message (not connected to UPM process).
[Package Manager] Cannot connect to Unity Package Manager local server
Mono: successfully reloaded assembly
[Package Manager] Server::EnsureServerProcessIsRunning -- launch failed, reason: Unity was launched with the -noUpm command-line argument
[Package Manager] UpmClient::Send -- Unable to send message (not connected to UPM process).
[Package Manager] Cannot connect to Unity Package Manager local server
- Finished resetting the current domain, in  1.255 seconds
Domain Reload Profiling: 1684ms
	BeginReloadAssembly (157ms)
		ExecutionOrderSort (0ms)
		DisableScriptedObjects (5ms)
		BackupInstance (0ms)
		ReleaseScriptingObjects (0ms)
		CreateAndSetChildDomain (41ms)
	RebuildCommonClasses (31ms)
	RebuildNativeTypeToScriptingClass (11ms)
	initialDomainReloadingComplete (27ms)
	LoadAllAssembliesAndSetupDomain (204ms)
		LoadAssemblies (264ms)
		RebuildTransferFunctionScriptingTraits (0ms)
		AnalyzeDomain (14ms)
			TypeCache.Refresh (6ms)
				TypeCache.ScanAssembly (0ms)
			ScanForSourceGeneratedMonoScriptInfo (0ms)
			ResolveRequiredComponents (6ms)
	FinalizeReload (1255ms)
		ReleaseScriptCaches (0ms)
		RebuildScriptCaches (0ms)
		SetupLoadedEditorAssemblies (589ms)
			LogAssemblyErrors (0ms)
			InitializePlatformSupportModulesInManaged (30ms)
			SetLoadedEditorAssemblies (3ms)
			RefreshPlugins (0ms)
			BeforeProcessingInitializeOnLoad (66ms)
			ProcessInitializeOnLoadAttributes (449ms)
			ProcessInitializeOnLoadMethodAttributes (34ms)
			AfterProcessingInitializeOnLoad (7ms)
			EditorAssembliesLoaded (0ms)
		ExecutionOrderSort2 (0ms)
		AwakeInstancesAfterBackupRestoration (12ms)
Refreshing native plugins compatible for Editor in 9.92 ms, found 3 plugins.
Preloading 0 native plugins for Editor in 0.00 ms.
Unloading 4440 Unused Serialized files (Serialized files now loaded: 0)
Unloading 56 unused Assets / (47.2 KB). Loaded Objects now: 5039.
Memory consumption went from 174.9 MB to 174.8 MB.
Total: 3.678300 ms (FindLiveObjects: 0.351700 ms CreateObjectMapping: 0.295100 ms MarkObjects: 2.960500 ms  DeleteObjects: 0.069900 ms)

Prepare: number of updated asset objects reloaded= 0
AssetImportParameters requested are different than current active one (requested -> active):
  custom:container-demuxer-ogg: 62fdf1f143b41e24485cea50d1cbac27 -> 
  custom:video-decoder-ogg-theora: a1e56fd34408186e4bbccfd4996cb3dc -> 
  custom:framework-win-MediaFoundation: 216162199b28c13a410421893ffa2e32 -> 
  custom:CustomObjectIndexerAttribute: 6d391050e5a25f67b0a2c618074f2cd9 -> 
  custom:container-demuxer-webm: 4f35f7cbe854078d1ac9338744f61a02 -> 
  custom:container-muxer-webm: aa71ff27fc2769a1b78a27578f13a17b -> 
  custom:video-decoder-webm-vp8: 9c59270c3fd7afecdb556c50c9e8de78 -> 
  custom:SearchIndexIgnoredProperties: e643bd26f0fe6173181afceb89e7c659 -> 
  custom:AudioImporter_EditorPlatform: d09bf68614088b80899f8185d706f6e7 -> 
  custom:video-encoder-webm-vp8: eb34c28f22e8b96e1ab97ce403110664 -> 
  custom:audio-decoder-ogg-vorbis: bf7c407c2cedff20999df2af8eb42d56 -> 
  custom:audio-encoder-webm-vorbis: bf7c407c2cedff20999df2af8eb42d56 -> 
========================================================================
Received Prepare
Begin MonoManager ReloadAssembly
Symbol file LoadedFromMemory is not a mono symbol file
- Loaded All Assemblies, in  0.407 seconds
Refreshing native plugins compatible for Editor in 8.69 ms, found 3 plugins.
Native extension for WindowsStandalone target not found
Native extension for iOS target not found
Native extension for Android target not found
[Package Manager] Server::EnsureServerProcessIsRunning -- launch failed, reason: Unity was launched with the -noUpm command-line argument
[Package Manager] UpmClient::Send -- Unable to send message (not connected to UPM process).
[Package Manager] Cannot connect to Unity Package Manager local server
Mono: successfully reloaded assembly
[Package Manager] Server::EnsureServerProcessIsRunning -- launch failed, reason: Unity was launched with the -noUpm command-line argument
[Package Manager] UpmClient::Send -- Unable to send message (not connected to UPM process).
[Package Manager] Cannot connect to Unity Package Manager local server
- Finished resetting the current domain, in  1.148 seconds
Domain Reload Profiling: 1551ms
	BeginReloadAssembly (145ms)
		ExecutionOrderSort (0ms)
		DisableScriptedObjects (5ms)
		BackupInstance (0ms)
		ReleaseScriptingObjects (0ms)
		CreateAndSetChildDomain (35ms)
	RebuildCommonClasses (30ms)
	RebuildNativeTypeToScriptingClass (10ms)
	initialDomainReloadingComplete (27ms)
	LoadAllAssembliesAndSetupDomain (191ms)
		LoadAssemblies (252ms)
		RebuildTransferFunctionScriptingTraits (0ms)
		AnalyzeDomain (13ms)
			TypeCache.Refresh (6ms)
				TypeCache.ScanAssembly (0ms)
			ScanForSourceGeneratedMonoScriptInfo (0ms)
			ResolveRequiredComponents (6ms)
	FinalizeReload (1148ms)
		ReleaseScriptCaches (0ms)
		RebuildScriptCaches (0ms)
		SetupLoadedEditorAssemblies (571ms)
			LogAssemblyErrors (0ms)
			InitializePlatformSupportModulesInManaged (30ms)
			SetLoadedEditorAssemblies (3ms)
			RefreshPlugins (0ms)
			BeforeProcessingInitializeOnLoad (66ms)
			ProcessInitializeOnLoadAttributes (433ms)
			ProcessInitializeOnLoadMethodAttributes (32ms)
			AfterProcessingInitializeOnLoad (7ms)
			EditorAssembliesLoaded (0ms)
		ExecutionOrderSort2 (0ms)
		AwakeInstancesAfterBackupRestoration (11ms)
Refreshing native plugins compatible for Editor in 10.51 ms, found 3 plugins.
Preloading 0 native plugins for Editor in 0.00 ms.
Unloading 4441 Unused Serialized files (Serialized files now loaded: 0)
Unloading 56 unused Assets / (47.2 KB). Loaded Objects now: 5047.
Memory consumption went from 177.1 MB to 177.1 MB.
Total: 3.191700 ms (FindLiveObjects: 0.340400 ms CreateObjectMapping: 0.303900 ms MarkObjects: 2.470000 ms  DeleteObjects: 0.076400 ms)

Prepare: number of updated asset objects reloaded= 0
AssetImportParameters requested are different than current active one (requested -> active):
  custom:container-demuxer-ogg: 62fdf1f143b41e24485cea50d1cbac27 -> 
  custom:video-decoder-ogg-theora: a1e56fd34408186e4bbccfd4996cb3dc -> 
  custom:framework-win-MediaFoundation: 216162199b28c13a410421893ffa2e32 -> 
  custom:CustomObjectIndexerAttribute: 6d391050e5a25f67b0a2c618074f2cd9 -> 
  custom:container-demuxer-webm: 4f35f7cbe854078d1ac9338744f61a02 -> 
  custom:container-muxer-webm: aa71ff27fc2769a1b78a27578f13a17b -> 
  custom:video-decoder-webm-vp8: 9c59270c3fd7afecdb556c50c9e8de78 -> 
  custom:SearchIndexIgnoredProperties: e643bd26f0fe6173181afceb89e7c659 -> 
  custom:AudioImporter_EditorPlatform: d09bf68614088b80899f8185d706f6e7 -> 
  custom:video-encoder-webm-vp8: eb34c28f22e8b96e1ab97ce403110664 -> 
  custom:audio-decoder-ogg-vorbis: bf7c407c2cedff20999df2af8eb42d56 -> 
  custom:audio-encoder-webm-vorbis: bf7c407c2cedff20999df2af8eb42d56 -> 
========================================================================
Received Import Request.
  Time since last request: 265.671977 seconds.
  path: Assets/Game/New Stuff/Macchine/CustomCar.prefab
  artifactKey: Guid(bd73bece2a4fd794d9b569b754b09515) Importer(815301076,1909f56bfc062723c751e8b465ee728b)
Start importing Assets/Game/New Stuff/Macchine/CustomCar.prefab using Guid(bd73bece2a4fd794d9b569b754b09515) Importer(815301076,1909f56bfc062723c751e8b465ee728b)  -> (artifact id: 'f5265add2c931fe75ab60d5674b6e803') in 0.132834 seconds
Number of updated asset objects reloaded before import = 0
Number of asset objects unloaded after import = 130
========================================================================
Received Import Request.
  Time since last request: 122.372496 seconds.
  path: Assets/Game/New Stuff/Macchine/CustomCar.prefab
  artifactKey: Guid(bd73bece2a4fd794d9b569b754b09515) Importer(815301076,1909f56bfc062723c751e8b465ee728b)
Start importing Assets/Game/New Stuff/Macchine/CustomCar.prefab using Guid(bd73bece2a4fd794d9b569b754b09515) Importer(815301076,1909f56bfc062723c751e8b465ee728b)  -> (artifact id: '48f70970268797f5f32457c1b721bcd3') in 0.054366 seconds
Number of updated asset objects reloaded before import = 0
Number of asset objects unloaded after import = 126
========================================================================
Received Prepare
Begin MonoManager ReloadAssembly
Symbol file LoadedFromMemory is not a mono symbol file
- Loaded All Assemblies, in  0.428 seconds
Refreshing native plugins compatible for Editor in 9.64 ms, found 3 plugins.
Native extension for WindowsStandalone target not found
Native extension for iOS target not found
Native extension for Android target not found
[Package Manager] Server::EnsureServerProcessIsRunning -- launch failed, reason: Unity was launched with the -noUpm command-line argument
[Package Manager] UpmClient::Send -- Unable to send message (not connected to UPM process).
[Package Manager] Cannot connect to Unity Package Manager local server
Mono: successfully reloaded assembly
[Package Manager] Server::EnsureServerProcessIsRunning -- launch failed, reason: Unity was launched with the -noUpm command-line argument
[Package Manager] UpmClient::Send -- Unable to send message (not connected to UPM process).
[Package Manager] Cannot connect to Unity Package Manager local server
- Finished resetting the current domain, in  1.218 seconds
Domain Reload Profiling: 1643ms
	BeginReloadAssembly (151ms)
		ExecutionOrderSort (0ms)
		DisableScriptedObjects (5ms)
		BackupInstance (0ms)
		ReleaseScriptingObjects (0ms)
		CreateAndSetChildDomain (37ms)
	RebuildCommonClasses (32ms)
	RebuildNativeTypeToScriptingClass (11ms)
	initialDomainReloadingComplete (28ms)
	LoadAllAssembliesAndSetupDomain (202ms)
		LoadAssemblies (264ms)
		RebuildTransferFunctionScriptingTraits (0ms)
		AnalyzeDomain (14ms)
			TypeCache.Refresh (6ms)
				TypeCache.ScanAssembly (0ms)
			ScanForSourceGeneratedMonoScriptInfo (0ms)
			ResolveRequiredComponents (7ms)
	FinalizeReload (1219ms)
		ReleaseScriptCaches (0ms)
		RebuildScriptCaches (0ms)
		SetupLoadedEditorAssemblies (616ms)
			LogAssemblyErrors (0ms)
			InitializePlatformSupportModulesInManaged (31ms)
			SetLoadedEditorAssemblies (3ms)
			RefreshPlugins (0ms)
			BeforeProcessingInitializeOnLoad (70ms)
			ProcessInitializeOnLoadAttributes (473ms)
			ProcessInitializeOnLoadMethodAttributes (32ms)
			AfterProcessingInitializeOnLoad (7ms)
			EditorAssembliesLoaded (0ms)
		ExecutionOrderSort2 (0ms)
		AwakeInstancesAfterBackupRestoration (12ms)
Refreshing native plugins compatible for Editor in 11.12 ms, found 3 plugins.
Preloading 0 native plugins for Editor in 0.00 ms.
Unloading 4440 Unused Serialized files (Serialized files now loaded: 0)
Unloading 56 unused Assets / (47.1 KB). Loaded Objects now: 5055.
Memory consumption went from 179.0 MB to 179.0 MB.
Total: 3.488100 ms (FindLiveObjects: 0.332700 ms CreateObjectMapping: 0.349900 ms MarkObjects: 2.723900 ms  DeleteObjects: 0.080600 ms)

Prepare: number of updated asset objects reloaded= 0
AssetImportParameters requested are different than current active one (requested -> active):
  custom:container-demuxer-ogg: 62fdf1f143b41e24485cea50d1cbac27 -> 
  custom:video-decoder-ogg-theora: a1e56fd34408186e4bbccfd4996cb3dc -> 
  custom:framework-win-MediaFoundation: 216162199b28c13a410421893ffa2e32 -> 
  custom:CustomObjectIndexerAttribute: 6d391050e5a25f67b0a2c618074f2cd9 -> 
  custom:container-demuxer-webm: 4f35f7cbe854078d1ac9338744f61a02 -> 
  custom:container-muxer-webm: aa71ff27fc2769a1b78a27578f13a17b -> 
  custom:video-decoder-webm-vp8: 9c59270c3fd7afecdb556c50c9e8de78 -> 
  custom:SearchIndexIgnoredProperties: e643bd26f0fe6173181afceb89e7c659 -> 
  custom:AudioImporter_EditorPlatform: d09bf68614088b80899f8185d706f6e7 -> 
  custom:video-encoder-webm-vp8: eb34c28f22e8b96e1ab97ce403110664 -> 
  custom:audio-decoder-ogg-vorbis: bf7c407c2cedff20999df2af8eb42d56 -> 
  custom:audio-encoder-webm-vorbis: bf7c407c2cedff20999df2af8eb42d56 -> 
========================================================================
Received Import Request.
  Time since last request: 37.378303 seconds.
  path: Assets/Game/New Stuff/Macchine/Polizia.prefab
  artifactKey: Guid(b0faf8d8e4ee621478468eebfca92638) Importer(815301076,1909f56bfc062723c751e8b465ee728b)
Start importing Assets/Game/New Stuff/Macchine/Polizia.prefab using Guid(b0faf8d8e4ee621478468eebfca92638) Importer(815301076,1909f56bfc062723c751e8b465ee728b)  -> (artifact id: '43a6a125ff49ab6733b8963c1f9a9a23') in 0.090307 seconds
Number of updated asset objects reloaded before import = 0
Number of asset objects unloaded after import = 115
========================================================================
Received Import Request.
  Time since last request: 1.068408 seconds.
  path: Assets/Game/New Stuff/Macchine/Polizia.prefab
  artifactKey: Guid(b0faf8d8e4ee621478468eebfca92638) Importer(815301076,1909f56bfc062723c751e8b465ee728b)
Start importing Assets/Game/New Stuff/Macchine/Polizia.prefab using Guid(b0faf8d8e4ee621478468eebfca92638) Importer(815301076,1909f56bfc062723c751e8b465ee728b)  -> (artifact id: '6a7ff7f6837c57d3c0863e54d53ef109') in 0.031678 seconds
Number of updated asset objects reloaded before import = 0
Number of asset objects unloaded after import = 111
========================================================================
Received Import Request.
  Time since last request: 19.154507 seconds.
  path: Assets/Game/New Stuff/Macchine/CustomCar.prefab
  artifactKey: Guid(bd73bece2a4fd794d9b569b754b09515) Importer(815301076,1909f56bfc062723c751e8b465ee728b)
Start importing Assets/Game/New Stuff/Macchine/CustomCar.prefab using Guid(bd73bece2a4fd794d9b569b754b09515) Importer(815301076,1909f56bfc062723c751e8b465ee728b)  -> (artifact id: '3bd83a8da9b8effc7225cb0eb949a8b0') in 0.058267 seconds
Number of updated asset objects reloaded before import = 0
Number of asset objects unloaded after import = 130
========================================================================
Received Import Request.
  Time since last request: 4.575858 seconds.
  path: Assets/Game/New Stuff/Macchine/CustomCar.prefab
  artifactKey: Guid(bd73bece2a4fd794d9b569b754b09515) Importer(815301076,1909f56bfc062723c751e8b465ee728b)
Start importing Assets/Game/New Stuff/Macchine/CustomCar.prefab using Guid(bd73bece2a4fd794d9b569b754b09515) Importer(815301076,1909f56bfc062723c751e8b465ee728b)  -> (artifact id: 'd77808689e1f2341cafc7f33bd272f48') in 0.054336 seconds
Number of updated asset objects reloaded before import = 0
Number of asset objects unloaded after import = 126
========================================================================
Received Prepare
Begin MonoManager ReloadAssembly
Symbol file LoadedFromMemory is not a mono symbol file
- Loaded All Assemblies, in  0.416 seconds
Refreshing native plugins compatible for Editor in 9.14 ms, found 3 plugins.
Native extension for WindowsStandalone target not found
Native extension for iOS target not found
Native extension for Android target not found
[Package Manager] Server::EnsureServerProcessIsRunning -- launch failed, reason: Unity was launched with the -noUpm command-line argument
[Package Manager] UpmClient::Send -- Unable to send message (not connected to UPM process).
[Package Manager] Cannot connect to Unity Package Manager local server
Mono: successfully reloaded assembly
[Package Manager] Server::EnsureServerProcessIsRunning -- launch failed, reason: Unity was launched with the -noUpm command-line argument
[Package Manager] UpmClient::Send -- Unable to send message (not connected to UPM process).
[Package Manager] Cannot connect to Unity Package Manager local server
- Finished resetting the current domain, in  1.147 seconds
Domain Reload Profiling: 1559ms
	BeginReloadAssembly (147ms)
		ExecutionOrderSort (0ms)
		DisableScriptedObjects (5ms)
		BackupInstance (0ms)
		ReleaseScriptingObjects (0ms)
		CreateAndSetChildDomain (37ms)
	RebuildCommonClasses (33ms)
	RebuildNativeTypeToScriptingClass (11ms)
	initialDomainReloadingComplete (27ms)
	LoadAllAssembliesAndSetupDomain (194ms)
		LoadAssemblies (254ms)
		RebuildTransferFunctionScriptingTraits (0ms)
		AnalyzeDomain (13ms)
			TypeCache.Refresh (6ms)
				TypeCache.ScanAssembly (0ms)
			ScanForSourceGeneratedMonoScriptInfo (0ms)
			ResolveRequiredComponents (6ms)
	FinalizeReload (1147ms)
		ReleaseScriptCaches (0ms)
		RebuildScriptCaches (0ms)
		SetupLoadedEditorAssemblies (568ms)
			LogAssemblyErrors (0ms)
			InitializePlatformSupportModulesInManaged (29ms)
			SetLoadedEditorAssemblies (3ms)
			RefreshPlugins (0ms)
			BeforeProcessingInitializeOnLoad (68ms)
			ProcessInitializeOnLoadAttributes (430ms)
			ProcessInitializeOnLoadMethodAttributes (31ms)
			AfterProcessingInitializeOnLoad (7ms)
			EditorAssembliesLoaded (0ms)
		ExecutionOrderSort2 (0ms)
		AwakeInstancesAfterBackupRestoration (11ms)
Refreshing native plugins compatible for Editor in 9.69 ms, found 3 plugins.
Preloading 0 native plugins for Editor in 0.00 ms.
Unloading 4440 Unused Serialized files (Serialized files now loaded: 0)
Unloading 58 unused Assets / (48.2 KB). Loaded Objects now: 5063.
Memory consumption went from 181.0 MB to 180.9 MB.
Total: 3.324900 ms (FindLiveObjects: 0.329600 ms CreateObjectMapping: 0.257000 ms MarkObjects: 2.646500 ms  DeleteObjects: 0.091000 ms)

Prepare: number of updated asset objects reloaded= 0
AssetImportParameters requested are different than current active one (requested -> active):
  custom:container-demuxer-ogg: 62fdf1f143b41e24485cea50d1cbac27 -> 
  custom:video-decoder-ogg-theora: a1e56fd34408186e4bbccfd4996cb3dc -> 
  custom:framework-win-MediaFoundation: 216162199b28c13a410421893ffa2e32 -> 
  custom:CustomObjectIndexerAttribute: 6d391050e5a25f67b0a2c618074f2cd9 -> 
  custom:container-demuxer-webm: 4f35f7cbe854078d1ac9338744f61a02 -> 
  custom:container-muxer-webm: aa71ff27fc2769a1b78a27578f13a17b -> 
  custom:video-decoder-webm-vp8: 9c59270c3fd7afecdb556c50c9e8de78 -> 
  custom:SearchIndexIgnoredProperties: e643bd26f0fe6173181afceb89e7c659 -> 
  custom:AudioImporter_EditorPlatform: d09bf68614088b80899f8185d706f6e7 -> 
  custom:video-encoder-webm-vp8: eb34c28f22e8b96e1ab97ce403110664 -> 
  custom:audio-decoder-ogg-vorbis: bf7c407c2cedff20999df2af8eb42d56 -> 
  custom:audio-encoder-webm-vorbis: bf7c407c2cedff20999df2af8eb42d56 -> 
